[debug] [2025-10-08T16:36:52.385Z] ----------------------------------------------------------------------
[debug] [2025-10-08T16:36:52.392Z] Command:       /home/martin/.nvm/versions/node/v22.15.0/bin/node /usr/local/bin/firebase init emulators
[debug] [2025-10-08T16:36:52.393Z] CLI Version:   14.19.0
[debug] [2025-10-08T16:36:52.394Z] Platform:      linux
[debug] [2025-10-08T16:36:52.394Z] Node Version:  v22.15.0
[debug] [2025-10-08T16:36:52.395Z] Time:          Wed Oct 08 2025 18:36:52 GMT+0200 (Central European Summer Time)
[debug] [2025-10-08T16:36:52.396Z] ----------------------------------------------------------------------
[debug] 
[info] 
     ######## #### ########  ######## ########     ###     ######  ########
     ##        ##  ##     ## ##       ##     ##  ##   ##  ##       ##
     ######    ##  ########  ######   ########  #########  ######  ######
     ##        ##  ##    ##  ##       ##     ## ##     ##       ## ##
     ##       #### ##     ## ######## ########  ##     ##  ######  ########

You're about to initialize a Firebase project in this directory:

  /home/martin/repo/OneDayOneTrip

[info] 
=== Project Setup
[info] 
[info] First, let's associate this project directory with a Firebase project.
[info] You can create multiple project aliases by running firebase use --add, 
[info] 
[debug] [2025-10-08T16:36:52.417Z] > command requires scopes: ["email","openid","https://www.googleapis.com/auth/cloudplatformprojects.readonly","https://www.googleapis.com/auth/firebase","https://www.googleapis.com/auth/cloud-platform"]
[debug] [2025-10-08T16:36:52.418Z] > authorizing via signed-in user (mmarchrovira@gmail.com)
[debug] [2025-10-08T16:36:52.421Z] Checked if tokens are valid: false, expires at: 1759940482763
[debug] [2025-10-08T16:36:52.422Z] Checked if tokens are valid: false, expires at: 1759940482763
[debug] [2025-10-08T16:36:52.422Z] > refreshing access token with scopes: []
[debug] [2025-10-08T16:36:52.428Z] >>> [apiv2][query] POST https://www.googleapis.com/oauth2/v3/token [none]
[debug] [2025-10-08T16:36:52.428Z] >>> [apiv2][body] POST https://www.googleapis.com/oauth2/v3/token [omitted]
[debug] [2025-10-08T16:36:52.625Z] <<< [apiv2][status] POST https://www.googleapis.com/oauth2/v3/token 200
[debug] [2025-10-08T16:36:52.626Z] <<< [apiv2][body] POST https://www.googleapis.com/oauth2/v3/token [omitted]
[debug] [2025-10-08T16:36:52.648Z] >>> [apiv2][query] GET https://firebase.googleapis.com/v1beta1/projects/onedayonecity-c82dd [none]
[debug] [2025-10-08T16:36:53.050Z] <<< [apiv2][status] GET https://firebase.googleapis.com/v1beta1/projects/onedayonecity-c82dd 200
[debug] [2025-10-08T16:36:53.050Z] <<< [apiv2][body] GET https://firebase.googleapis.com/v1beta1/projects/onedayonecity-c82dd {"projectId":"onedayonecity-c82dd","projectNumber":"960538828647","displayName":"OneDayOneCity","name":"projects/onedayonecity-c82dd","resources":{"hostingSite":"onedayonecity-c82dd"},"state":"ACTIVE","etag":"1_2ddec8f7-fac8-47fe-abd3-cf3b863f8f49"}
[info] i  Using project onedayonecity-c82dd (OneDayOneCity) . 
[info] 
=== Emulators Setup
[info] i  apphosting: Initializing Emulator {"metadata":{"emulator":{"name":"apphosting"},"message":"Initializing Emulator"}}
[warn] ⚠  Failed to auto-detect your project's start command. Consider manually setting the start command by setting `firebase.json#emulators.apphosting.startCommand` {"metadata":{"emulator":{"name":"apphosting"},"message":"Failed to auto-detect your project's start command. Consider manually setting the start command by setting `firebase.json#emulators.apphosting.startCommand`"}}
[warn] ⚠  failed to export app hosting configs {"metadata":{"emulator":{"name":"apphosting"},"message":"failed to export app hosting configs"}}
[debug] [2025-10-08T16:38:06.173Z] ExitPromptError: User force closed the prompt with SIGINT
    at Interface.sigint (/usr/local/lib/node_modules/firebase-tools/node_modules/@inquirer/core/dist/commonjs/lib/create-prompt.js:101:37)
    at Interface.emit (node:events:518:28)
    at Interface.emit (node:domain:489:12)
    at [_ttyWrite] [as _ttyWrite] (node:internal/readline/interface:1128:18)
    at ReadStream.onkeypress (node:internal/readline/interface:267:20)
    at ReadStream.emit (node:events:530:35)
    at ReadStream.emit (node:domain:489:12)
    at emitKeys (node:internal/readline/utils:370:14)
    at emitKeys.next (<anonymous>)
    at ReadStream.onData (node:internal/readline/emitKeypressEvents:64:36)
[error] 
[error] Error: An unexpected error has occurred.
